<?xml version="1.0" encoding="UTF-8"?>
<!-- Generated by org.testng.reporters.JUnitReportReporter -->
<testsuite hostname="arpanlaha" failures="0" tests="1" name="TestScenarios.ModelCode" time="29.558" errors="0" timestamp="2023-12-08T17:11:33 IST" skipped="0">
  <testcase classname="TestScenarios.ModelCode" name="chooseModel" time="29.558"/>
  <system-out/>
</testsuite> <!-- TestScenarios.ModelCode -->
